
  .   ____          _            __ _ _
 /\\ / ___'_ __ _ _(_)_ __  __ _ \ \ \ \
( ( )\___ | '_ | '_| | '_ \/ _` | \ \ \ \
 \\/  ___)| |_)| | | | | || (_| |  ) ) ) )
  '  |____| .__|_| |_|_| |_\__, | / / / /
 =========|_|==============|___/=/_/_/_/

 :: Spring Boot ::                (v3.5.4)

2025-08-07T14:33:42.689+06:00  INFO 29548 --- [service_registry] [           main] o.s.s.s.ServiceRegistryApplication       : Starting ServiceRegistryApplication v0.0.1-SNAPSHOT using Java 21.0.3 with PID 29548 (D:\Javafest2025\ScholarAI\Microservices\service_registry\target\service_registry-0.0.1-SNAPSHOT.jar started by Tasriad Ahmed Tias in D:\Javafest2025\ScholarAI\Microservices\service_registry)
2025-08-07T14:33:42.701+06:00  INFO 29548 --- [service_registry] [           main] o.s.s.s.ServiceRegistryApplication       : No active profile set, falling back to 1 default profile: "default"
2025-08-07T14:33:44.581+06:00  INFO 29548 --- [service_registry] [           main] o.s.cloud.context.scope.GenericScope     : BeanFactory id=a80941e2-5337-317c-892d-e14252fc4030
2025-08-07T14:33:45.085+06:00  INFO 29548 --- [service_registry] [           main] o.s.b.w.embedded.tomcat.TomcatWebServer  : Tomcat initialized with port 8761 (http)
2025-08-07T14:33:45.098+06:00  INFO 29548 --- [service_registry] [           main] o.apache.catalina.core.StandardService   : Starting service [Tomcat]
2025-08-07T14:33:45.099+06:00  INFO 29548 --- [service_registry] [           main] o.apache.catalina.core.StandardEngine    : Starting Servlet engine: [Apache Tomcat/10.1.43]
2025-08-07T14:33:45.133+06:00  INFO 29548 --- [service_registry] [           main] o.a.c.c.C.[Tomcat].[localhost].[/]       : Initializing Spring embedded WebApplicationContext
2025-08-07T14:33:45.135+06:00  INFO 29548 --- [service_registry] [           main] w.s.c.ServletWebServerApplicationContext : Root WebApplicationContext: initialization completed in 2299 ms
2025-08-07T14:33:45.797+06:00 DEBUG 29548 --- [service_registry] [           main] .c.n.e.s.EurekaServerAutoConfiguration$1 : Filter 'eurekaVersionFilterRegistration' configured for use
2025-08-07T14:33:46.633+06:00  INFO 29548 --- [service_registry] [           main] c.n.d.provider.DiscoveryJerseyProvider   : Using JSON encoding codec LegacyJacksonJson
2025-08-07T14:33:46.635+06:00  INFO 29548 --- [service_registry] [           main] c.n.d.provider.DiscoveryJerseyProvider   : Using JSON decoding codec LegacyJacksonJson
2025-08-07T14:33:46.911+06:00  INFO 29548 --- [service_registry] [           main] c.n.d.provider.DiscoveryJerseyProvider   : Using XML encoding codec XStreamXml
2025-08-07T14:33:46.911+06:00  INFO 29548 --- [service_registry] [           main] c.n.d.provider.DiscoveryJerseyProvider   : Using XML decoding codec XStreamXml
2025-08-07T14:33:47.098+06:00  INFO 29548 --- [service_registry] [           main] o.s.v.b.OptionalValidatorFactoryBean     : Failed to set up a Bean Validation provider: jakarta.validation.NoProviderFoundException: Unable to create a Configuration, because no Jakarta Bean Validation provider could be found. Add a provider like Hibernate Validator (RI) to your classpath.
2025-08-07T14:33:47.716+06:00 DEBUG 29548 --- [service_registry] [           main] .n.e.m.DefaultManagementMetadataProvider : Constructed eureka meta-data healthcheckUrl: http://localhost:8761/actuator/health
2025-08-07T14:33:47.717+06:00 DEBUG 29548 --- [service_registry] [           main] .n.e.m.DefaultManagementMetadataProvider : Constructed eureka meta-data statusPageUrl: http://localhost:8761/actuator/info
2025-08-07T14:33:48.319+06:00  WARN 29548 --- [service_registry] [           main] iguration$LoadBalancerCaffeineWarnLogger : Spring Cloud LoadBalancer is currently working with the default cache. While this cache implementation is useful for development and tests, it's recommended to use Caffeine cache in production.You can switch to using Caffeine cache, by adding it and org.springframework.cache.caffeine.CaffeineCacheManager to the classpath.
2025-08-07T14:33:48.343+06:00  INFO 29548 --- [service_registry] [           main] o.s.c.n.eureka.InstanceInfoFactory       : Setting initial instance status as: STARTING
2025-08-07T14:33:48.364+06:00  INFO 29548 --- [service_registry] [           main] com.netflix.discovery.DiscoveryClient    : Initializing Eureka in region us-east-1
2025-08-07T14:33:48.365+06:00  INFO 29548 --- [service_registry] [           main] com.netflix.discovery.DiscoveryClient    : Client configured to neither register nor query for data.
2025-08-07T14:33:48.366+06:00  INFO 29548 --- [service_registry] [           main] com.netflix.discovery.DiscoveryClient    : Discovery Client initialized at timestamp 1754555628366 with initial instances count: 0
2025-08-07T14:33:48.434+06:00  INFO 29548 --- [service_registry] [           main] c.n.eureka.DefaultEurekaServerContext    : Initializing ...
2025-08-07T14:33:48.437+06:00  WARN 29548 --- [service_registry] [           main] c.n.eureka.cluster.PeerEurekaNodes       : The replica size seems to be empty. Check the route 53 DNS Registry
2025-08-07T14:33:48.448+06:00  INFO 29548 --- [service_registry] [           main] c.n.e.registry.AbstractInstanceRegistry  : Finished initializing remote region registries. All known remote regions: []
2025-08-07T14:33:48.449+06:00  INFO 29548 --- [service_registry] [           main] c.n.eureka.DefaultEurekaServerContext    : Initialized
2025-08-07T14:33:48.471+06:00  INFO 29548 --- [service_registry] [           main] o.s.b.a.e.web.EndpointLinksResolver      : Exposing 1 endpoint beneath base path '/actuator'
2025-08-07T14:33:48.579+06:00  INFO 29548 --- [service_registry] [           main] o.s.c.n.e.s.EurekaServiceRegistry        : Registering application SERVICE_REGISTRY with eureka with status UP
2025-08-07T14:33:48.615+06:00  INFO 29548 --- [service_registry] [       Thread-9] o.s.c.n.e.server.EurekaServerBootstrap   : isAws returned false
2025-08-07T14:33:48.616+06:00  INFO 29548 --- [service_registry] [       Thread-9] o.s.c.n.e.server.EurekaServerBootstrap   : Initialized server context
2025-08-07T14:33:48.616+06:00  INFO 29548 --- [service_registry] [       Thread-9] c.n.e.r.PeerAwareInstanceRegistryImpl    : Got 1 instances from neighboring DS node
2025-08-07T14:33:48.616+06:00  INFO 29548 --- [service_registry] [       Thread-9] c.n.e.r.PeerAwareInstanceRegistryImpl    : Renew threshold is: 1
2025-08-07T14:33:48.616+06:00  INFO 29548 --- [service_registry] [       Thread-9] c.n.e.r.PeerAwareInstanceRegistryImpl    : Changing status to UP
2025-08-07T14:33:48.620+06:00  INFO 29548 --- [service_registry] [       Thread-9] e.s.EurekaServerInitializerConfiguration : Started Eureka Server
2025-08-07T14:33:48.648+06:00  INFO 29548 --- [service_registry] [           main] o.s.b.w.embedded.tomcat.TomcatWebServer  : Tomcat started on port 8761 (http) with context path '/'
2025-08-07T14:33:48.649+06:00  INFO 29548 --- [service_registry] [           main] .s.c.n.e.s.EurekaAutoServiceRegistration : Updating port to 8761
2025-08-07T14:33:48.672+06:00  INFO 29548 --- [service_registry] [           main] o.s.s.s.ServiceRegistryApplication       : Started ServiceRegistryApplication in 6.769 seconds (process running for 7.695)
2025-08-07T14:34:00.002+06:00 DEBUG 29548 --- [service_registry] [-CacheFillTimer] c.n.eureka.registry.ResponseCacheImpl    : Updating the client cache from response cache
2025-08-07T14:34:22.461+06:00  INFO 29548 --- [service_registry] [nio-8761-exec-1] o.a.c.c.C.[Tomcat].[localhost].[/]       : Initializing Spring DispatcherServlet 'dispatcherServlet'
2025-08-07T14:34:22.461+06:00  INFO 29548 --- [service_registry] [nio-8761-exec-1] o.s.web.servlet.DispatcherServlet        : Initializing Servlet 'dispatcherServlet'
2025-08-07T14:34:22.463+06:00  INFO 29548 --- [service_registry] [nio-8761-exec-1] o.s.web.servlet.DispatcherServlet        : Completed initialization in 2 ms
2025-08-07T14:34:22.590+06:00 DEBUG 29548 --- [service_registry] [nio-8761-exec-1] c.n.e.registry.AbstractInstanceRegistry  : Fetching applications registry with remote regions: false, Regions argument []
2025-08-07T14:34:22.609+06:00 DEBUG 29548 --- [service_registry] [nio-8761-exec-1] c.n.eureka.registry.ResponseCacheImpl    : New application cache entry {name=ALL_APPS, type=Application, format=JSON} with apps hashcode 
2025-08-07T14:34:22.862+06:00 DEBUG 29548 --- [service_registry] [nio-8761-exec-2] c.n.e.resources.ApplicationResource      : Registering instance Legion-of-Tias.mshome.net:notification-service:8082 (replication=null)
2025-08-07T14:34:22.863+06:00 DEBUG 29548 --- [service_registry] [nio-8761-exec-2] c.n.e.registry.AbstractInstanceRegistry  : No previous lease information found; it is new registration
2025-08-07T14:34:22.864+06:00 DEBUG 29548 --- [service_registry] [nio-8761-exec-2] c.n.e.registry.AbstractInstanceRegistry  : Processing override status using rule: [com.netflix.eureka.registry.rule.DownOrStartingRule, com.netflix.eureka.registry.rule.OverrideExistsRule, com.netflix.eureka.registry.rule.LeaseExistsRule, com.netflix.eureka.registry.rule.AlwaysMatchInstanceStatusRule]
2025-08-07T14:34:22.864+06:00 DEBUG 29548 --- [service_registry] [nio-8761-exec-2] c.n.e.r.r.AlwaysMatchInstanceStatusRule  : Returning the default instance status UP for instance Legion-of-Tias.mshome.net:notification-service:8082
2025-08-07T14:34:22.865+06:00 DEBUG 29548 --- [service_registry] [nio-8761-exec-2] c.n.eureka.registry.ResponseCacheImpl    : Invalidating the response cache key : Application NOTIFICATION-SERVICE V1 JSON, full
2025-08-07T14:34:22.867+06:00 DEBUG 29548 --- [service_registry] [nio-8761-exec-2] c.n.eureka.registry.ResponseCacheImpl    : Invalidating the response cache key : Application NOTIFICATION-SERVICE V1 JSON, compact
2025-08-07T14:34:22.867+06:00 DEBUG 29548 --- [service_registry] [nio-8761-exec-2] c.n.eureka.registry.ResponseCacheImpl    : Invalidating the response cache key : Application ALL_APPS V1 JSON, full
2025-08-07T14:34:22.867+06:00 DEBUG 29548 --- [service_registry] [nio-8761-exec-2] c.n.eureka.registry.ResponseCacheImpl    : Invalidating the response cache key : Application ALL_APPS V1 JSON, compact
2025-08-07T14:34:22.867+06:00 DEBUG 29548 --- [service_registry] [nio-8761-exec-2] c.n.eureka.registry.ResponseCacheImpl    : Invalidating the response cache key : Application ALL_APPS_DELTA V1 JSON, full
2025-08-07T14:34:22.868+06:00 DEBUG 29548 --- [service_registry] [nio-8761-exec-2] c.n.eureka.registry.ResponseCacheImpl    : Invalidating the response cache key : Application ALL_APPS_DELTA V1 JSON, compact
2025-08-07T14:34:22.868+06:00 DEBUG 29548 --- [service_registry] [nio-8761-exec-2] c.n.eureka.registry.ResponseCacheImpl    : Invalidating the response cache key : VIP notification-service V1 JSON, full
2025-08-07T14:34:22.868+06:00 DEBUG 29548 --- [service_registry] [nio-8761-exec-2] c.n.eureka.registry.ResponseCacheImpl    : Invalidating the response cache key : SVIP notification-service V1 JSON, full
2025-08-07T14:34:22.868+06:00 DEBUG 29548 --- [service_registry] [nio-8761-exec-2] c.n.eureka.registry.ResponseCacheImpl    : Invalidating the response cache key : Application NOTIFICATION-SERVICE V2 JSON, full
2025-08-07T14:34:22.868+06:00 DEBUG 29548 --- [service_registry] [nio-8761-exec-2] c.n.eureka.registry.ResponseCacheImpl    : Invalidating the response cache key : Application NOTIFICATION-SERVICE V2 JSON, compact
2025-08-07T14:34:22.869+06:00 DEBUG 29548 --- [service_registry] [nio-8761-exec-2] c.n.eureka.registry.ResponseCacheImpl    : Invalidating the response cache key : Application ALL_APPS V2 JSON, full
2025-08-07T14:34:22.883+06:00 DEBUG 29548 --- [service_registry] [nio-8761-exec-2] c.n.eureka.registry.ResponseCacheImpl    : Invalidating the response cache key : Application ALL_APPS V2 JSON, compact
2025-08-07T14:34:22.883+06:00 DEBUG 29548 --- [service_registry] [nio-8761-exec-2] c.n.eureka.registry.ResponseCacheImpl    : Invalidating the response cache key : Application ALL_APPS_DELTA V2 JSON, full
2025-08-07T14:34:22.883+06:00 DEBUG 29548 --- [service_registry] [nio-8761-exec-2] c.n.eureka.registry.ResponseCacheImpl    : Invalidating the response cache key : Application ALL_APPS_DELTA V2 JSON, compact
2025-08-07T14:34:22.884+06:00 DEBUG 29548 --- [service_registry] [nio-8761-exec-2] c.n.eureka.registry.ResponseCacheImpl    : Invalidating the response cache key : VIP notification-service V2 JSON, full
2025-08-07T14:34:22.884+06:00 DEBUG 29548 --- [service_registry] [nio-8761-exec-2] c.n.eureka.registry.ResponseCacheImpl    : Invalidating the response cache key : SVIP notification-service V2 JSON, full
2025-08-07T14:34:22.884+06:00 DEBUG 29548 --- [service_registry] [nio-8761-exec-2] c.n.eureka.registry.ResponseCacheImpl    : Invalidating the response cache key : Application NOTIFICATION-SERVICE V1 XML, full
2025-08-07T14:34:22.884+06:00 DEBUG 29548 --- [service_registry] [nio-8761-exec-2] c.n.eureka.registry.ResponseCacheImpl    : Invalidating the response cache key : Application NOTIFICATION-SERVICE V1 XML, compact
2025-08-07T14:34:22.884+06:00 DEBUG 29548 --- [service_registry] [nio-8761-exec-2] c.n.eureka.registry.ResponseCacheImpl    : Invalidating the response cache key : Application ALL_APPS V1 XML, full
2025-08-07T14:34:22.884+06:00 DEBUG 29548 --- [service_registry] [nio-8761-exec-2] c.n.eureka.registry.ResponseCacheImpl    : Invalidating the response cache key : Application ALL_APPS V1 XML, compact
2025-08-07T14:34:22.884+06:00 DEBUG 29548 --- [service_registry] [nio-8761-exec-2] c.n.eureka.registry.ResponseCacheImpl    : Invalidating the response cache key : Application ALL_APPS_DELTA V1 XML, full
2025-08-07T14:34:22.884+06:00 DEBUG 29548 --- [service_registry] [nio-8761-exec-2] c.n.eureka.registry.ResponseCacheImpl    : Invalidating the response cache key : Application ALL_APPS_DELTA V1 XML, compact
2025-08-07T14:34:22.885+06:00 DEBUG 29548 --- [service_registry] [nio-8761-exec-2] c.n.eureka.registry.ResponseCacheImpl    : Invalidating the response cache key : VIP notification-service V1 XML, full
2025-08-07T14:34:22.885+06:00 DEBUG 29548 --- [service_registry] [nio-8761-exec-2] c.n.eureka.registry.ResponseCacheImpl    : Invalidating the response cache key : SVIP notification-service V1 XML, full
2025-08-07T14:34:22.885+06:00 DEBUG 29548 --- [service_registry] [nio-8761-exec-2] c.n.eureka.registry.ResponseCacheImpl    : Invalidating the response cache key : Application NOTIFICATION-SERVICE V2 XML, full
2025-08-07T14:34:22.885+06:00 DEBUG 29548 --- [service_registry] [nio-8761-exec-2] c.n.eureka.registry.ResponseCacheImpl    : Invalidating the response cache key : Application NOTIFICATION-SERVICE V2 XML, compact
2025-08-07T14:34:22.885+06:00 DEBUG 29548 --- [service_registry] [nio-8761-exec-2] c.n.eureka.registry.ResponseCacheImpl    : Invalidating the response cache key : Application ALL_APPS V2 XML, full
2025-08-07T14:34:22.885+06:00 DEBUG 29548 --- [service_registry] [nio-8761-exec-2] c.n.eureka.registry.ResponseCacheImpl    : Invalidating the response cache key : Application ALL_APPS V2 XML, compact
2025-08-07T14:34:22.885+06:00 DEBUG 29548 --- [service_registry] [nio-8761-exec-2] c.n.eureka.registry.ResponseCacheImpl    : Invalidating the response cache key : Application ALL_APPS_DELTA V2 XML, full
2025-08-07T14:34:22.885+06:00 DEBUG 29548 --- [service_registry] [nio-8761-exec-2] c.n.eureka.registry.ResponseCacheImpl    : Invalidating the response cache key : Application ALL_APPS_DELTA V2 XML, compact
2025-08-07T14:34:22.885+06:00 DEBUG 29548 --- [service_registry] [nio-8761-exec-2] c.n.eureka.registry.ResponseCacheImpl    : Invalidating the response cache key : VIP notification-service V2 XML, full
2025-08-07T14:34:22.885+06:00 DEBUG 29548 --- [service_registry] [nio-8761-exec-2] c.n.eureka.registry.ResponseCacheImpl    : Invalidating the response cache key : SVIP notification-service V2 XML, full
2025-08-07T14:34:22.885+06:00  INFO 29548 --- [service_registry] [nio-8761-exec-2] c.n.e.registry.AbstractInstanceRegistry  : Registered instance NOTIFICATION-SERVICE/Legion-of-Tias.mshome.net:notification-service:8082 with status UP (replication=false)
2025-08-07T14:34:22.890+06:00 DEBUG 29548 --- [service_registry] [nio-8761-exec-2] o.s.c.n.eureka.server.InstanceRegistry   : registered NOTIFICATION-SERVICE, vip notification-service, leaseDuration 90, isReplication false
2025-08-07T14:34:30.009+06:00 DEBUG 29548 --- [service_registry] [-CacheFillTimer] c.n.eureka.registry.ResponseCacheImpl    : Updating the client cache from response cache
2025-08-07T14:34:30.009+06:00 DEBUG 29548 --- [service_registry] [-CacheFillTimer] c.n.eureka.registry.ResponseCacheImpl    : Updating the client cache from response cache for key : Application ALL_APPS V2 JSON
2025-08-07T14:34:30.009+06:00 DEBUG 29548 --- [service_registry] [-CacheFillTimer] c.n.e.registry.AbstractInstanceRegistry  : Fetching applications registry with remote regions: false, Regions argument []
2025-08-07T14:34:30.034+06:00 DEBUG 29548 --- [service_registry] [-CacheFillTimer] c.n.eureka.registry.ResponseCacheImpl    : New application cache entry {name=ALL_APPS, type=Application, format=JSON} with apps hashcode UP_1_
2025-08-07T14:34:43.237+06:00  INFO 29548 --- [service_registry] [nio-8761-exec-3] o.apache.tomcat.util.http.parser.Cookie  : A cookie header was received [g_state={"i_l":0};] that contained an invalid cookie. That cookie will be ignored.
 Note: further occurrences of this error will be logged at DEBUG level.
2025-08-07T14:34:43.278+06:00 DEBUG 29548 --- [service_registry] [nio-8761-exec-3] c.n.e.registry.AbstractInstanceRegistry  : Fetching applications registry with remote regions: false, Regions argument []
2025-08-07T14:34:48.617+06:00  INFO 29548 --- [service_registry] [a-EvictionTimer] c.n.e.registry.AbstractInstanceRegistry  : Running the evict task with compensationTime 0ms
2025-08-07T14:34:48.617+06:00 DEBUG 29548 --- [service_registry] [a-EvictionTimer] c.n.e.registry.AbstractInstanceRegistry  : Running the evict task
2025-08-07T14:34:48.617+06:00 DEBUG 29548 --- [service_registry] [a-EvictionTimer] c.n.e.registry.AbstractInstanceRegistry  : DS: lease expiration is currently disabled.
2025-08-07T14:34:50.120+06:00 DEBUG 29548 --- [service_registry] [nio-8761-exec-3] c.n.e.registry.AbstractInstanceRegistry  : Fetching applications registry with remote regions: false, Regions argument []
2025-08-07T14:34:52.771+06:00 DEBUG 29548 --- [service_registry] [nio-8761-exec-9] c.n.e.registry.AbstractInstanceRegistry  : Processing override status using rule: [com.netflix.eureka.registry.rule.DownOrStartingRule, com.netflix.eureka.registry.rule.OverrideExistsRule, com.netflix.eureka.registry.rule.LeaseExistsRule, com.netflix.eureka.registry.rule.AlwaysMatchInstanceStatusRule]
2025-08-07T14:34:52.771+06:00 DEBUG 29548 --- [service_registry] [nio-8761-exec-9] c.n.e.registry.rule.LeaseExistsRule      : There is already an existing lease with status UP  for instance Legion-of-Tias.mshome.net:notification-service:8082
2025-08-07T14:34:52.775+06:00 DEBUG 29548 --- [service_registry] [nio-8761-exec-9] o.s.c.n.eureka.server.InstanceRegistry   : renewed NOTIFICATION-SERVICE, serverId Legion-of-Tias.mshome.net:notification-service:8082, isReplication false
2025-08-07T14:34:52.775+06:00 DEBUG 29548 --- [service_registry] [nio-8761-exec-9] c.n.eureka.resources.InstanceResource    : Found (Renew): NOTIFICATION-SERVICE - Legion-of-Tias.mshome.net:notification-service:8082; reply status=200
2025-08-07T14:35:00.012+06:00 DEBUG 29548 --- [service_registry] [-CacheFillTimer] c.n.eureka.registry.ResponseCacheImpl    : Updating the client cache from response cache
2025-08-07T14:35:00.012+06:00 DEBUG 29548 --- [service_registry] [-CacheFillTimer] c.n.eureka.registry.ResponseCacheImpl    : Updating the client cache from response cache for key : Application ALL_APPS V2 JSON
2025-08-07T14:35:22.800+06:00 DEBUG 29548 --- [service_registry] [nio-8761-exec-7] c.n.e.registry.AbstractInstanceRegistry  : Processing override status using rule: [com.netflix.eureka.registry.rule.DownOrStartingRule, com.netflix.eureka.registry.rule.OverrideExistsRule, com.netflix.eureka.registry.rule.LeaseExistsRule, com.netflix.eureka.registry.rule.AlwaysMatchInstanceStatusRule]
2025-08-07T14:35:22.800+06:00 DEBUG 29548 --- [service_registry] [nio-8761-exec-7] c.n.e.registry.rule.LeaseExistsRule      : There is already an existing lease with status UP  for instance Legion-of-Tias.mshome.net:notification-service:8082
2025-08-07T14:35:22.800+06:00 DEBUG 29548 --- [service_registry] [nio-8761-exec-4] c.n.e.registry.AbstractInstanceRegistry  : The number of elements in the delta queue is : 1
2025-08-07T14:35:22.800+06:00 DEBUG 29548 --- [service_registry] [nio-8761-exec-7] o.s.c.n.eureka.server.InstanceRegistry   : renewed NOTIFICATION-SERVICE, serverId Legion-of-Tias.mshome.net:notification-service:8082, isReplication false
2025-08-07T14:35:22.800+06:00 DEBUG 29548 --- [service_registry] [nio-8761-exec-4] c.n.e.registry.AbstractInstanceRegistry  : The instance id Legion-of-Tias.mshome.net:notification-service:8082 is found with status UP and actiontype ADDED
2025-08-07T14:35:22.801+06:00 DEBUG 29548 --- [service_registry] [nio-8761-exec-7] c.n.eureka.resources.InstanceResource    : Found (Renew): NOTIFICATION-SERVICE - Legion-of-Tias.mshome.net:notification-service:8082; reply status=200
2025-08-07T14:35:22.801+06:00 DEBUG 29548 --- [service_registry] [nio-8761-exec-4] c.n.eureka.registry.ResponseCacheImpl    : New application cache entry {name=ALL_APPS_DELTA, type=Application, format=JSON} with apps hashcode UP_1_
2025-08-07T14:35:30.013+06:00 DEBUG 29548 --- [service_registry] [-CacheFillTimer] c.n.eureka.registry.ResponseCacheImpl    : Updating the client cache from response cache
2025-08-07T14:35:30.013+06:00 DEBUG 29548 --- [service_registry] [-CacheFillTimer] c.n.eureka.registry.ResponseCacheImpl    : Updating the client cache from response cache for key : Application ALL_APPS_DELTA V2 JSON
2025-08-07T14:35:30.013+06:00 DEBUG 29548 --- [service_registry] [-CacheFillTimer] c.n.eureka.registry.ResponseCacheImpl    : Updating the client cache from response cache for key : Application ALL_APPS V2 JSON
2025-08-07T14:35:48.627+06:00  INFO 29548 --- [service_registry] [a-EvictionTimer] c.n.e.registry.AbstractInstanceRegistry  : Running the evict task with compensationTime 10ms
2025-08-07T14:35:48.628+06:00 DEBUG 29548 --- [service_registry] [a-EvictionTimer] c.n.e.registry.AbstractInstanceRegistry  : Running the evict task
2025-08-07T14:35:48.628+06:00 DEBUG 29548 --- [service_registry] [a-EvictionTimer] c.n.e.registry.AbstractInstanceRegistry  : DS: lease expiration is currently disabled.
2025-08-07T14:35:52.824+06:00 DEBUG 29548 --- [service_registry] [nio-8761-exec-8] c.n.e.registry.AbstractInstanceRegistry  : Processing override status using rule: [com.netflix.eureka.registry.rule.DownOrStartingRule, com.netflix.eureka.registry.rule.OverrideExistsRule, com.netflix.eureka.registry.rule.LeaseExistsRule, com.netflix.eureka.registry.rule.AlwaysMatchInstanceStatusRule]
2025-08-07T14:35:52.825+06:00 DEBUG 29548 --- [service_registry] [nio-8761-exec-8] c.n.e.registry.rule.LeaseExistsRule      : There is already an existing lease with status UP  for instance Legion-of-Tias.mshome.net:notification-service:8082
2025-08-07T14:35:52.825+06:00 DEBUG 29548 --- [service_registry] [nio-8761-exec-8] o.s.c.n.eureka.server.InstanceRegistry   : renewed NOTIFICATION-SERVICE, serverId Legion-of-Tias.mshome.net:notification-service:8082, isReplication false
2025-08-07T14:35:52.826+06:00 DEBUG 29548 --- [service_registry] [nio-8761-exec-8] c.n.eureka.resources.InstanceResource    : Found (Renew): NOTIFICATION-SERVICE - Legion-of-Tias.mshome.net:notification-service:8082; reply status=200
2025-08-07T14:36:00.013+06:00 DEBUG 29548 --- [service_registry] [-CacheFillTimer] c.n.eureka.registry.ResponseCacheImpl    : Updating the client cache from response cache
2025-08-07T14:36:00.013+06:00 DEBUG 29548 --- [service_registry] [-CacheFillTimer] c.n.eureka.registry.ResponseCacheImpl    : Updating the client cache from response cache for key : Application ALL_APPS_DELTA V2 JSON
2025-08-07T14:36:00.014+06:00 DEBUG 29548 --- [service_registry] [-CacheFillTimer] c.n.eureka.registry.ResponseCacheImpl    : Updating the client cache from response cache for key : Application ALL_APPS V2 JSON
2025-08-07T14:36:22.848+06:00 DEBUG 29548 --- [service_registry] [io-8761-exec-10] c.n.e.registry.AbstractInstanceRegistry  : Processing override status using rule: [com.netflix.eureka.registry.rule.DownOrStartingRule, com.netflix.eureka.registry.rule.OverrideExistsRule, com.netflix.eureka.registry.rule.LeaseExistsRule, com.netflix.eureka.registry.rule.AlwaysMatchInstanceStatusRule]
2025-08-07T14:36:22.848+06:00 DEBUG 29548 --- [service_registry] [io-8761-exec-10] c.n.e.registry.rule.LeaseExistsRule      : There is already an existing lease with status UP  for instance Legion-of-Tias.mshome.net:notification-service:8082
2025-08-07T14:36:22.848+06:00 DEBUG 29548 --- [service_registry] [io-8761-exec-10] o.s.c.n.eureka.server.InstanceRegistry   : renewed NOTIFICATION-SERVICE, serverId Legion-of-Tias.mshome.net:notification-service:8082, isReplication false
2025-08-07T14:36:22.848+06:00 DEBUG 29548 --- [service_registry] [io-8761-exec-10] c.n.eureka.resources.InstanceResource    : Found (Renew): NOTIFICATION-SERVICE - Legion-of-Tias.mshome.net:notification-service:8082; reply status=200
2025-08-07T14:36:30.014+06:00 DEBUG 29548 --- [service_registry] [-CacheFillTimer] c.n.eureka.registry.ResponseCacheImpl    : Updating the client cache from response cache
2025-08-07T14:36:30.014+06:00 DEBUG 29548 --- [service_registry] [-CacheFillTimer] c.n.eureka.registry.ResponseCacheImpl    : Updating the client cache from response cache for key : Application ALL_APPS_DELTA V2 JSON
2025-08-07T14:36:30.014+06:00 DEBUG 29548 --- [service_registry] [-CacheFillTimer] c.n.eureka.registry.ResponseCacheImpl    : Updating the client cache from response cache for key : Application ALL_APPS V2 JSON
2025-08-07T14:36:48.628+06:00  INFO 29548 --- [service_registry] [a-EvictionTimer] c.n.e.registry.AbstractInstanceRegistry  : Running the evict task with compensationTime 0ms
2025-08-07T14:36:48.628+06:00 DEBUG 29548 --- [service_registry] [a-EvictionTimer] c.n.e.registry.AbstractInstanceRegistry  : Running the evict task
2025-08-07T14:36:48.628+06:00 DEBUG 29548 --- [service_registry] [a-EvictionTimer] c.n.e.registry.AbstractInstanceRegistry  : DS: lease expiration is currently disabled.
2025-08-07T14:36:52.878+06:00 DEBUG 29548 --- [service_registry] [nio-8761-exec-9] c.n.e.registry.AbstractInstanceRegistry  : Processing override status using rule: [com.netflix.eureka.registry.rule.DownOrStartingRule, com.netflix.eureka.registry.rule.OverrideExistsRule, com.netflix.eureka.registry.rule.LeaseExistsRule, com.netflix.eureka.registry.rule.AlwaysMatchInstanceStatusRule]
2025-08-07T14:36:52.878+06:00 DEBUG 29548 --- [service_registry] [nio-8761-exec-9] c.n.e.registry.rule.LeaseExistsRule      : There is already an existing lease with status UP  for instance Legion-of-Tias.mshome.net:notification-service:8082
2025-08-07T14:36:52.879+06:00 DEBUG 29548 --- [service_registry] [nio-8761-exec-9] o.s.c.n.eureka.server.InstanceRegistry   : renewed NOTIFICATION-SERVICE, serverId Legion-of-Tias.mshome.net:notification-service:8082, isReplication false
2025-08-07T14:36:52.880+06:00 DEBUG 29548 --- [service_registry] [nio-8761-exec-9] c.n.eureka.resources.InstanceResource    : Found (Renew): NOTIFICATION-SERVICE - Legion-of-Tias.mshome.net:notification-service:8082; reply status=200
2025-08-07T14:37:00.015+06:00 DEBUG 29548 --- [service_registry] [-CacheFillTimer] c.n.eureka.registry.ResponseCacheImpl    : Updating the client cache from response cache
2025-08-07T14:37:00.015+06:00 DEBUG 29548 --- [service_registry] [-CacheFillTimer] c.n.eureka.registry.ResponseCacheImpl    : Updating the client cache from response cache for key : Application ALL_APPS_DELTA V2 JSON
2025-08-07T14:37:00.016+06:00 DEBUG 29548 --- [service_registry] [-CacheFillTimer] c.n.eureka.registry.ResponseCacheImpl    : Updating the client cache from response cache for key : Application ALL_APPS V2 JSON
2025-08-07T14:37:22.913+06:00 DEBUG 29548 --- [service_registry] [nio-8761-exec-3] c.n.e.registry.AbstractInstanceRegistry  : Processing override status using rule: [com.netflix.eureka.registry.rule.DownOrStartingRule, com.netflix.eureka.registry.rule.OverrideExistsRule, com.netflix.eureka.registry.rule.LeaseExistsRule, com.netflix.eureka.registry.rule.AlwaysMatchInstanceStatusRule]
2025-08-07T14:37:22.913+06:00 DEBUG 29548 --- [service_registry] [nio-8761-exec-3] c.n.e.registry.rule.LeaseExistsRule      : There is already an existing lease with status UP  for instance Legion-of-Tias.mshome.net:notification-service:8082
2025-08-07T14:37:22.913+06:00 DEBUG 29548 --- [service_registry] [nio-8761-exec-3] o.s.c.n.eureka.server.InstanceRegistry   : renewed NOTIFICATION-SERVICE, serverId Legion-of-Tias.mshome.net:notification-service:8082, isReplication false
2025-08-07T14:37:22.914+06:00 DEBUG 29548 --- [service_registry] [nio-8761-exec-3] c.n.eureka.resources.InstanceResource    : Found (Renew): NOTIFICATION-SERVICE - Legion-of-Tias.mshome.net:notification-service:8082; reply status=200
2025-08-07T14:37:30.027+06:00 DEBUG 29548 --- [service_registry] [-CacheFillTimer] c.n.eureka.registry.ResponseCacheImpl    : Updating the client cache from response cache
2025-08-07T14:37:30.027+06:00 DEBUG 29548 --- [service_registry] [-CacheFillTimer] c.n.eureka.registry.ResponseCacheImpl    : Updating the client cache from response cache for key : Application ALL_APPS_DELTA V2 JSON
2025-08-07T14:37:30.027+06:00 DEBUG 29548 --- [service_registry] [-CacheFillTimer] c.n.eureka.registry.ResponseCacheImpl    : Updating the client cache from response cache for key : Application ALL_APPS V2 JSON
2025-08-07T14:37:48.636+06:00  INFO 29548 --- [service_registry] [a-EvictionTimer] c.n.e.registry.AbstractInstanceRegistry  : Running the evict task with compensationTime 8ms
2025-08-07T14:37:48.636+06:00 DEBUG 29548 --- [service_registry] [a-EvictionTimer] c.n.e.registry.AbstractInstanceRegistry  : Running the evict task
2025-08-07T14:37:48.636+06:00 DEBUG 29548 --- [service_registry] [a-EvictionTimer] c.n.e.registry.AbstractInstanceRegistry  : DS: lease expiration is currently disabled.
2025-08-07T14:37:52.941+06:00 DEBUG 29548 --- [service_registry] [nio-8761-exec-7] c.n.e.registry.AbstractInstanceRegistry  : Processing override status using rule: [com.netflix.eureka.registry.rule.DownOrStartingRule, com.netflix.eureka.registry.rule.OverrideExistsRule, com.netflix.eureka.registry.rule.LeaseExistsRule, com.netflix.eureka.registry.rule.AlwaysMatchInstanceStatusRule]
2025-08-07T14:37:52.941+06:00 DEBUG 29548 --- [service_registry] [nio-8761-exec-7] c.n.e.registry.rule.LeaseExistsRule      : There is already an existing lease with status UP  for instance Legion-of-Tias.mshome.net:notification-service:8082
2025-08-07T14:37:52.941+06:00 DEBUG 29548 --- [service_registry] [nio-8761-exec-7] o.s.c.n.eureka.server.InstanceRegistry   : renewed NOTIFICATION-SERVICE, serverId Legion-of-Tias.mshome.net:notification-service:8082, isReplication false
2025-08-07T14:37:52.941+06:00 DEBUG 29548 --- [service_registry] [nio-8761-exec-7] c.n.eureka.resources.InstanceResource    : Found (Renew): NOTIFICATION-SERVICE - Legion-of-Tias.mshome.net:notification-service:8082; reply status=200
2025-08-07T14:38:00.033+06:00 DEBUG 29548 --- [service_registry] [-CacheFillTimer] c.n.eureka.registry.ResponseCacheImpl    : Updating the client cache from response cache
2025-08-07T14:38:00.033+06:00 DEBUG 29548 --- [service_registry] [-CacheFillTimer] c.n.eureka.registry.ResponseCacheImpl    : Updating the client cache from response cache for key : Application ALL_APPS_DELTA V2 JSON
2025-08-07T14:38:00.033+06:00 DEBUG 29548 --- [service_registry] [-CacheFillTimer] c.n.eureka.registry.ResponseCacheImpl    : Updating the client cache from response cache for key : Application ALL_APPS V2 JSON
2025-08-07T14:38:00.033+06:00 DEBUG 29548 --- [service_registry] [-CacheFillTimer] c.n.e.registry.AbstractInstanceRegistry  : Fetching applications registry with remote regions: false, Regions argument []
2025-08-07T14:38:00.034+06:00 DEBUG 29548 --- [service_registry] [-CacheFillTimer] c.n.eureka.registry.ResponseCacheImpl    : New application cache entry {name=ALL_APPS, type=Application, format=JSON} with apps hashcode UP_1_
2025-08-07T14:38:22.975+06:00 DEBUG 29548 --- [service_registry] [nio-8761-exec-6] c.n.e.registry.AbstractInstanceRegistry  : Processing override status using rule: [com.netflix.eureka.registry.rule.DownOrStartingRule, com.netflix.eureka.registry.rule.OverrideExistsRule, com.netflix.eureka.registry.rule.LeaseExistsRule, com.netflix.eureka.registry.rule.AlwaysMatchInstanceStatusRule]
2025-08-07T14:38:22.977+06:00 DEBUG 29548 --- [service_registry] [nio-8761-exec-6] c.n.e.registry.rule.LeaseExistsRule      : There is already an existing lease with status UP  for instance Legion-of-Tias.mshome.net:notification-service:8082
2025-08-07T14:38:22.977+06:00 DEBUG 29548 --- [service_registry] [nio-8761-exec-6] o.s.c.n.eureka.server.InstanceRegistry   : renewed NOTIFICATION-SERVICE, serverId Legion-of-Tias.mshome.net:notification-service:8082, isReplication false
2025-08-07T14:38:22.978+06:00 DEBUG 29548 --- [service_registry] [nio-8761-exec-6] c.n.eureka.resources.InstanceResource    : Found (Renew): NOTIFICATION-SERVICE - Legion-of-Tias.mshome.net:notification-service:8082; reply status=200
2025-08-07T14:38:27.601+06:00 DEBUG 29548 --- [service_registry] [io-8761-exec-10] c.n.e.resources.ApplicationResource      : Registering instance Legion-of-Tias.mshome.net:notification-service:8082 (replication=null)
2025-08-07T14:38:27.601+06:00 DEBUG 29548 --- [service_registry] [io-8761-exec-10] c.n.e.registry.AbstractInstanceRegistry  : Existing lease found (existing=1754555662706, provided=1754555907573
2025-08-07T14:38:27.601+06:00 DEBUG 29548 --- [service_registry] [io-8761-exec-10] c.n.e.registry.AbstractInstanceRegistry  : Processing override status using rule: [com.netflix.eureka.registry.rule.DownOrStartingRule, com.netflix.eureka.registry.rule.OverrideExistsRule, com.netflix.eureka.registry.rule.LeaseExistsRule, com.netflix.eureka.registry.rule.AlwaysMatchInstanceStatusRule]
2025-08-07T14:38:27.602+06:00 DEBUG 29548 --- [service_registry] [io-8761-exec-10] c.n.e.registry.rule.DownOrStartingRule   : Trusting the instance status DOWN from replica or instance for instance Legion-of-Tias.mshome.net:notification-service:8082
2025-08-07T14:38:27.602+06:00 DEBUG 29548 --- [service_registry] [io-8761-exec-10] c.n.eureka.registry.ResponseCacheImpl    : Invalidating the response cache key : Application NOTIFICATION-SERVICE V1 JSON, full
2025-08-07T14:38:27.602+06:00 DEBUG 29548 --- [service_registry] [io-8761-exec-10] c.n.eureka.registry.ResponseCacheImpl    : Invalidating the response cache key : Application NOTIFICATION-SERVICE V1 JSON, compact
2025-08-07T14:38:27.603+06:00 DEBUG 29548 --- [service_registry] [io-8761-exec-10] c.n.eureka.registry.ResponseCacheImpl    : Invalidating the response cache key : Application ALL_APPS V1 JSON, full
2025-08-07T14:38:27.603+06:00 DEBUG 29548 --- [service_registry] [io-8761-exec-10] c.n.eureka.registry.ResponseCacheImpl    : Invalidating the response cache key : Application ALL_APPS V1 JSON, compact
2025-08-07T14:38:27.603+06:00 DEBUG 29548 --- [service_registry] [io-8761-exec-10] c.n.eureka.registry.ResponseCacheImpl    : Invalidating the response cache key : Application ALL_APPS_DELTA V1 JSON, full
2025-08-07T14:38:27.603+06:00 DEBUG 29548 --- [service_registry] [io-8761-exec-10] c.n.eureka.registry.ResponseCacheImpl    : Invalidating the response cache key : Application ALL_APPS_DELTA V1 JSON, compact
2025-08-07T14:38:27.604+06:00 DEBUG 29548 --- [service_registry] [io-8761-exec-10] c.n.eureka.registry.ResponseCacheImpl    : Invalidating the response cache key : VIP notification-service V1 JSON, full
2025-08-07T14:38:27.604+06:00 DEBUG 29548 --- [service_registry] [io-8761-exec-10] c.n.eureka.registry.ResponseCacheImpl    : Invalidating the response cache key : SVIP notification-service V1 JSON, full
2025-08-07T14:38:27.604+06:00 DEBUG 29548 --- [service_registry] [io-8761-exec-10] c.n.eureka.registry.ResponseCacheImpl    : Invalidating the response cache key : Application NOTIFICATION-SERVICE V2 JSON, full
2025-08-07T14:38:27.604+06:00 DEBUG 29548 --- [service_registry] [io-8761-exec-10] c.n.eureka.registry.ResponseCacheImpl    : Invalidating the response cache key : Application NOTIFICATION-SERVICE V2 JSON, compact
2025-08-07T14:38:27.604+06:00 DEBUG 29548 --- [service_registry] [io-8761-exec-10] c.n.eureka.registry.ResponseCacheImpl    : Invalidating the response cache key : Application ALL_APPS V2 JSON, full
2025-08-07T14:38:27.605+06:00 DEBUG 29548 --- [service_registry] [io-8761-exec-10] c.n.eureka.registry.ResponseCacheImpl    : Invalidating the response cache key : Application ALL_APPS V2 JSON, compact
2025-08-07T14:38:27.605+06:00 DEBUG 29548 --- [service_registry] [io-8761-exec-10] c.n.eureka.registry.ResponseCacheImpl    : Invalidating the response cache key : Application ALL_APPS_DELTA V2 JSON, full
2025-08-07T14:38:27.605+06:00 DEBUG 29548 --- [service_registry] [io-8761-exec-10] c.n.eureka.registry.ResponseCacheImpl    : Invalidating the response cache key : Application ALL_APPS_DELTA V2 JSON, compact
2025-08-07T14:38:27.605+06:00 DEBUG 29548 --- [service_registry] [io-8761-exec-10] c.n.eureka.registry.ResponseCacheImpl    : Invalidating the response cache key : VIP notification-service V2 JSON, full
2025-08-07T14:38:27.605+06:00 DEBUG 29548 --- [service_registry] [io-8761-exec-10] c.n.eureka.registry.ResponseCacheImpl    : Invalidating the response cache key : SVIP notification-service V2 JSON, full
2025-08-07T14:38:27.605+06:00 DEBUG 29548 --- [service_registry] [io-8761-exec-10] c.n.eureka.registry.ResponseCacheImpl    : Invalidating the response cache key : Application NOTIFICATION-SERVICE V1 XML, full
2025-08-07T14:38:27.605+06:00 DEBUG 29548 --- [service_registry] [io-8761-exec-10] c.n.eureka.registry.ResponseCacheImpl    : Invalidating the response cache key : Application NOTIFICATION-SERVICE V1 XML, compact
2025-08-07T14:38:27.605+06:00 DEBUG 29548 --- [service_registry] [io-8761-exec-10] c.n.eureka.registry.ResponseCacheImpl    : Invalidating the response cache key : Application ALL_APPS V1 XML, full
2025-08-07T14:38:27.606+06:00 DEBUG 29548 --- [service_registry] [io-8761-exec-10] c.n.eureka.registry.ResponseCacheImpl    : Invalidating the response cache key : Application ALL_APPS V1 XML, compact
2025-08-07T14:38:27.606+06:00 DEBUG 29548 --- [service_registry] [io-8761-exec-10] c.n.eureka.registry.ResponseCacheImpl    : Invalidating the response cache key : Application ALL_APPS_DELTA V1 XML, full
2025-08-07T14:38:27.606+06:00 DEBUG 29548 --- [service_registry] [io-8761-exec-10] c.n.eureka.registry.ResponseCacheImpl    : Invalidating the response cache key : Application ALL_APPS_DELTA V1 XML, compact
2025-08-07T14:38:27.606+06:00 DEBUG 29548 --- [service_registry] [io-8761-exec-10] c.n.eureka.registry.ResponseCacheImpl    : Invalidating the response cache key : VIP notification-service V1 XML, full
2025-08-07T14:38:27.606+06:00 DEBUG 29548 --- [service_registry] [io-8761-exec-10] c.n.eureka.registry.ResponseCacheImpl    : Invalidating the response cache key : SVIP notification-service V1 XML, full
2025-08-07T14:38:27.606+06:00 DEBUG 29548 --- [service_registry] [io-8761-exec-10] c.n.eureka.registry.ResponseCacheImpl    : Invalidating the response cache key : Application NOTIFICATION-SERVICE V2 XML, full
2025-08-07T14:38:27.606+06:00 DEBUG 29548 --- [service_registry] [io-8761-exec-10] c.n.eureka.registry.ResponseCacheImpl    : Invalidating the response cache key : Application NOTIFICATION-SERVICE V2 XML, compact
2025-08-07T14:38:27.606+06:00 DEBUG 29548 --- [service_registry] [io-8761-exec-10] c.n.eureka.registry.ResponseCacheImpl    : Invalidating the response cache key : Application ALL_APPS V2 XML, full
2025-08-07T14:38:27.607+06:00 DEBUG 29548 --- [service_registry] [io-8761-exec-10] c.n.eureka.registry.ResponseCacheImpl    : Invalidating the response cache key : Application ALL_APPS V2 XML, compact
2025-08-07T14:38:27.608+06:00 DEBUG 29548 --- [service_registry] [io-8761-exec-10] c.n.eureka.registry.ResponseCacheImpl    : Invalidating the response cache key : Application ALL_APPS_DELTA V2 XML, full
2025-08-07T14:38:27.608+06:00 DEBUG 29548 --- [service_registry] [io-8761-exec-10] c.n.eureka.registry.ResponseCacheImpl    : Invalidating the response cache key : Application ALL_APPS_DELTA V2 XML, compact
2025-08-07T14:38:27.608+06:00 DEBUG 29548 --- [service_registry] [io-8761-exec-10] c.n.eureka.registry.ResponseCacheImpl    : Invalidating the response cache key : VIP notification-service V2 XML, full
2025-08-07T14:38:27.608+06:00 DEBUG 29548 --- [service_registry] [io-8761-exec-10] c.n.eureka.registry.ResponseCacheImpl    : Invalidating the response cache key : SVIP notification-service V2 XML, full
2025-08-07T14:38:27.608+06:00  INFO 29548 --- [service_registry] [io-8761-exec-10] c.n.e.registry.AbstractInstanceRegistry  : Registered instance NOTIFICATION-SERVICE/Legion-of-Tias.mshome.net:notification-service:8082 with status DOWN (replication=false)
2025-08-07T14:38:27.609+06:00 DEBUG 29548 --- [service_registry] [io-8761-exec-10] o.s.c.n.eureka.server.InstanceRegistry   : registered NOTIFICATION-SERVICE, vip notification-service, leaseDuration 90, isReplication false
2025-08-07T14:38:30.034+06:00 DEBUG 29548 --- [service_registry] [-CacheFillTimer] c.n.eureka.registry.ResponseCacheImpl    : Updating the client cache from response cache
2025-08-07T14:38:30.035+06:00 DEBUG 29548 --- [service_registry] [-CacheFillTimer] c.n.eureka.registry.ResponseCacheImpl    : Updating the client cache from response cache for key : Application ALL_APPS_DELTA V2 JSON
2025-08-07T14:38:30.035+06:00 DEBUG 29548 --- [service_registry] [-CacheFillTimer] c.n.e.registry.AbstractInstanceRegistry  : The number of elements in the delta queue is : 1
2025-08-07T14:38:30.035+06:00 DEBUG 29548 --- [service_registry] [-CacheFillTimer] c.n.e.registry.AbstractInstanceRegistry  : The instance id Legion-of-Tias.mshome.net:notification-service:8082 is found with status DOWN and actiontype ADDED
2025-08-07T14:38:30.038+06:00 DEBUG 29548 --- [service_registry] [-CacheFillTimer] c.n.eureka.registry.ResponseCacheImpl    : New application cache entry {name=ALL_APPS_DELTA, type=Application, format=JSON} with apps hashcode DOWN_1_
2025-08-07T14:38:30.039+06:00 DEBUG 29548 --- [service_registry] [-CacheFillTimer] c.n.eureka.registry.ResponseCacheImpl    : Updating the client cache from response cache for key : Application ALL_APPS V2 JSON
2025-08-07T14:38:30.040+06:00 DEBUG 29548 --- [service_registry] [-CacheFillTimer] c.n.e.registry.AbstractInstanceRegistry  : Fetching applications registry with remote regions: false, Regions argument []
2025-08-07T14:38:30.051+06:00 DEBUG 29548 --- [service_registry] [-CacheFillTimer] c.n.eureka.registry.ResponseCacheImpl    : New application cache entry {name=ALL_APPS, type=Application, format=JSON} with apps hashcode DOWN_1_
2025-08-07T14:38:31.359+06:00 DEBUG 29548 --- [service_registry] [nio-8761-exec-1] c.n.eureka.registry.ResponseCacheImpl    : Invalidating the response cache key : Application NOTIFICATION-SERVICE V1 JSON, full
2025-08-07T14:38:31.359+06:00 DEBUG 29548 --- [service_registry] [nio-8761-exec-1] c.n.eureka.registry.ResponseCacheImpl    : Invalidating the response cache key : Application NOTIFICATION-SERVICE V1 JSON, compact
2025-08-07T14:38:31.361+06:00 DEBUG 29548 --- [service_registry] [nio-8761-exec-1] c.n.eureka.registry.ResponseCacheImpl    : Invalidating the response cache key : Application ALL_APPS V1 JSON, full
2025-08-07T14:38:31.361+06:00 DEBUG 29548 --- [service_registry] [nio-8761-exec-1] c.n.eureka.registry.ResponseCacheImpl    : Invalidating the response cache key : Application ALL_APPS V1 JSON, compact
2025-08-07T14:38:31.361+06:00 DEBUG 29548 --- [service_registry] [nio-8761-exec-1] c.n.eureka.registry.ResponseCacheImpl    : Invalidating the response cache key : Application ALL_APPS_DELTA V1 JSON, full
2025-08-07T14:38:31.362+06:00 DEBUG 29548 --- [service_registry] [nio-8761-exec-1] c.n.eureka.registry.ResponseCacheImpl    : Invalidating the response cache key : Application ALL_APPS_DELTA V1 JSON, compact
2025-08-07T14:38:31.362+06:00 DEBUG 29548 --- [service_registry] [nio-8761-exec-1] c.n.eureka.registry.ResponseCacheImpl    : Invalidating the response cache key : VIP notification-service V1 JSON, full
2025-08-07T14:38:31.363+06:00 DEBUG 29548 --- [service_registry] [nio-8761-exec-1] c.n.eureka.registry.ResponseCacheImpl    : Invalidating the response cache key : SVIP notification-service V1 JSON, full
2025-08-07T14:38:31.363+06:00 DEBUG 29548 --- [service_registry] [nio-8761-exec-1] c.n.eureka.registry.ResponseCacheImpl    : Invalidating the response cache key : Application NOTIFICATION-SERVICE V2 JSON, full
2025-08-07T14:38:31.363+06:00 DEBUG 29548 --- [service_registry] [nio-8761-exec-1] c.n.eureka.registry.ResponseCacheImpl    : Invalidating the response cache key : Application NOTIFICATION-SERVICE V2 JSON, compact
2025-08-07T14:38:31.363+06:00 DEBUG 29548 --- [service_registry] [nio-8761-exec-1] c.n.eureka.registry.ResponseCacheImpl    : Invalidating the response cache key : Application ALL_APPS V2 JSON, full
2025-08-07T14:38:31.363+06:00 DEBUG 29548 --- [service_registry] [nio-8761-exec-1] c.n.eureka.registry.ResponseCacheImpl    : Invalidating the response cache key : Application ALL_APPS V2 JSON, compact
2025-08-07T14:38:31.363+06:00 DEBUG 29548 --- [service_registry] [nio-8761-exec-1] c.n.eureka.registry.ResponseCacheImpl    : Invalidating the response cache key : Application ALL_APPS_DELTA V2 JSON, full
2025-08-07T14:38:31.366+06:00 DEBUG 29548 --- [service_registry] [nio-8761-exec-1] c.n.eureka.registry.ResponseCacheImpl    : Invalidating the response cache key : Application ALL_APPS_DELTA V2 JSON, compact
2025-08-07T14:38:31.366+06:00 DEBUG 29548 --- [service_registry] [nio-8761-exec-1] c.n.eureka.registry.ResponseCacheImpl    : Invalidating the response cache key : VIP notification-service V2 JSON, full
2025-08-07T14:38:31.367+06:00 DEBUG 29548 --- [service_registry] [nio-8761-exec-1] c.n.eureka.registry.ResponseCacheImpl    : Invalidating the response cache key : SVIP notification-service V2 JSON, full
2025-08-07T14:38:31.368+06:00 DEBUG 29548 --- [service_registry] [nio-8761-exec-1] c.n.eureka.registry.ResponseCacheImpl    : Invalidating the response cache key : Application NOTIFICATION-SERVICE V1 XML, full
2025-08-07T14:38:31.368+06:00 DEBUG 29548 --- [service_registry] [nio-8761-exec-1] c.n.eureka.registry.ResponseCacheImpl    : Invalidating the response cache key : Application NOTIFICATION-SERVICE V1 XML, compact
2025-08-07T14:38:31.373+06:00 DEBUG 29548 --- [service_registry] [nio-8761-exec-1] c.n.eureka.registry.ResponseCacheImpl    : Invalidating the response cache key : Application ALL_APPS V1 XML, full
2025-08-07T14:38:31.379+06:00 DEBUG 29548 --- [service_registry] [nio-8761-exec-1] c.n.eureka.registry.ResponseCacheImpl    : Invalidating the response cache key : Application ALL_APPS V1 XML, compact
2025-08-07T14:38:31.380+06:00 DEBUG 29548 --- [service_registry] [nio-8761-exec-1] c.n.eureka.registry.ResponseCacheImpl    : Invalidating the response cache key : Application ALL_APPS_DELTA V1 XML, full
2025-08-07T14:38:31.380+06:00 DEBUG 29548 --- [service_registry] [nio-8761-exec-1] c.n.eureka.registry.ResponseCacheImpl    : Invalidating the response cache key : Application ALL_APPS_DELTA V1 XML, compact
2025-08-07T14:38:31.380+06:00 DEBUG 29548 --- [service_registry] [nio-8761-exec-1] c.n.eureka.registry.ResponseCacheImpl    : Invalidating the response cache key : VIP notification-service V1 XML, full
2025-08-07T14:38:31.385+06:00 DEBUG 29548 --- [service_registry] [nio-8761-exec-1] c.n.eureka.registry.ResponseCacheImpl    : Invalidating the response cache key : SVIP notification-service V1 XML, full
2025-08-07T14:38:31.385+06:00 DEBUG 29548 --- [service_registry] [nio-8761-exec-1] c.n.eureka.registry.ResponseCacheImpl    : Invalidating the response cache key : Application NOTIFICATION-SERVICE V2 XML, full
2025-08-07T14:38:31.385+06:00 DEBUG 29548 --- [service_registry] [nio-8761-exec-1] c.n.eureka.registry.ResponseCacheImpl    : Invalidating the response cache key : Application NOTIFICATION-SERVICE V2 XML, compact
2025-08-07T14:38:31.385+06:00 DEBUG 29548 --- [service_registry] [nio-8761-exec-1] c.n.eureka.registry.ResponseCacheImpl    : Invalidating the response cache key : Application ALL_APPS V2 XML, full
2025-08-07T14:38:31.385+06:00 DEBUG 29548 --- [service_registry] [nio-8761-exec-1] c.n.eureka.registry.ResponseCacheImpl    : Invalidating the response cache key : Application ALL_APPS V2 XML, compact
2025-08-07T14:38:31.386+06:00 DEBUG 29548 --- [service_registry] [nio-8761-exec-1] c.n.eureka.registry.ResponseCacheImpl    : Invalidating the response cache key : Application ALL_APPS_DELTA V2 XML, full
2025-08-07T14:38:31.386+06:00 DEBUG 29548 --- [service_registry] [nio-8761-exec-1] c.n.eureka.registry.ResponseCacheImpl    : Invalidating the response cache key : Application ALL_APPS_DELTA V2 XML, compact
2025-08-07T14:38:31.386+06:00 DEBUG 29548 --- [service_registry] [nio-8761-exec-1] c.n.eureka.registry.ResponseCacheImpl    : Invalidating the response cache key : VIP notification-service V2 XML, full
2025-08-07T14:38:31.387+06:00 DEBUG 29548 --- [service_registry] [nio-8761-exec-1] c.n.eureka.registry.ResponseCacheImpl    : Invalidating the response cache key : SVIP notification-service V2 XML, full
2025-08-07T14:38:31.387+06:00  INFO 29548 --- [service_registry] [nio-8761-exec-1] c.n.e.registry.AbstractInstanceRegistry  : Cancelled instance NOTIFICATION-SERVICE/Legion-of-Tias.mshome.net:notification-service:8082 (replication=false)
2025-08-07T14:38:31.394+06:00 DEBUG 29548 --- [service_registry] [nio-8761-exec-1] o.s.c.n.eureka.server.InstanceRegistry   : cancelled NOTIFICATION-SERVICE, serverId Legion-of-Tias.mshome.net:notification-service:8082, isReplication false
2025-08-07T14:38:31.397+06:00 DEBUG 29548 --- [service_registry] [nio-8761-exec-1] o.s.c.n.eureka.server.InstanceRegistry   : cancelled NOTIFICATION-SERVICE, serverId Legion-of-Tias.mshome.net:notification-service:8082, isReplication false
2025-08-07T14:38:31.398+06:00 DEBUG 29548 --- [service_registry] [nio-8761-exec-1] c.n.eureka.resources.InstanceResource    : Found (Cancel): NOTIFICATION-SERVICE - Legion-of-Tias.mshome.net:notification-service:8082
2025-08-07T14:38:40.008+06:00 DEBUG 29548 --- [service_registry] [nio-8761-exec-5] c.n.e.resources.ApplicationResource      : Registering instance Legion-of-Tias:notification-service:8082 (replication=null)
2025-08-07T14:38:40.009+06:00 DEBUG 29548 --- [service_registry] [nio-8761-exec-5] c.n.e.registry.AbstractInstanceRegistry  : No previous lease information found; it is new registration
2025-08-07T14:38:40.009+06:00 DEBUG 29548 --- [service_registry] [nio-8761-exec-5] c.n.e.registry.AbstractInstanceRegistry  : Processing override status using rule: [com.netflix.eureka.registry.rule.DownOrStartingRule, com.netflix.eureka.registry.rule.OverrideExistsRule, com.netflix.eureka.registry.rule.LeaseExistsRule, com.netflix.eureka.registry.rule.AlwaysMatchInstanceStatusRule]
2025-08-07T14:38:40.009+06:00 DEBUG 29548 --- [service_registry] [nio-8761-exec-5] c.n.e.r.r.AlwaysMatchInstanceStatusRule  : Returning the default instance status UP for instance Legion-of-Tias:notification-service:8082
2025-08-07T14:38:40.009+06:00 DEBUG 29548 --- [service_registry] [nio-8761-exec-5] c.n.eureka.registry.ResponseCacheImpl    : Invalidating the response cache key : Application NOTIFICATION-SERVICE V1 JSON, full
2025-08-07T14:38:40.010+06:00 DEBUG 29548 --- [service_registry] [nio-8761-exec-5] c.n.eureka.registry.ResponseCacheImpl    : Invalidating the response cache key : Application NOTIFICATION-SERVICE V1 JSON, compact
2025-08-07T14:38:40.011+06:00 DEBUG 29548 --- [service_registry] [nio-8761-exec-5] c.n.eureka.registry.ResponseCacheImpl    : Invalidating the response cache key : Application ALL_APPS V1 JSON, full
2025-08-07T14:38:40.011+06:00 DEBUG 29548 --- [service_registry] [nio-8761-exec-5] c.n.eureka.registry.ResponseCacheImpl    : Invalidating the response cache key : Application ALL_APPS V1 JSON, compact
2025-08-07T14:38:40.011+06:00 DEBUG 29548 --- [service_registry] [nio-8761-exec-5] c.n.eureka.registry.ResponseCacheImpl    : Invalidating the response cache key : Application ALL_APPS_DELTA V1 JSON, full
2025-08-07T14:38:40.012+06:00 DEBUG 29548 --- [service_registry] [nio-8761-exec-5] c.n.eureka.registry.ResponseCacheImpl    : Invalidating the response cache key : Application ALL_APPS_DELTA V1 JSON, compact
2025-08-07T14:38:40.012+06:00 DEBUG 29548 --- [service_registry] [nio-8761-exec-5] c.n.eureka.registry.ResponseCacheImpl    : Invalidating the response cache key : VIP notification-service V1 JSON, full
2025-08-07T14:38:40.012+06:00 DEBUG 29548 --- [service_registry] [nio-8761-exec-5] c.n.eureka.registry.ResponseCacheImpl    : Invalidating the response cache key : SVIP notification-service V1 JSON, full
2025-08-07T14:38:40.012+06:00 DEBUG 29548 --- [service_registry] [nio-8761-exec-5] c.n.eureka.registry.ResponseCacheImpl    : Invalidating the response cache key : Application NOTIFICATION-SERVICE V2 JSON, full
2025-08-07T14:38:40.012+06:00 DEBUG 29548 --- [service_registry] [nio-8761-exec-5] c.n.eureka.registry.ResponseCacheImpl    : Invalidating the response cache key : Application NOTIFICATION-SERVICE V2 JSON, compact
2025-08-07T14:38:40.013+06:00 DEBUG 29548 --- [service_registry] [nio-8761-exec-5] c.n.eureka.registry.ResponseCacheImpl    : Invalidating the response cache key : Application ALL_APPS V2 JSON, full
2025-08-07T14:38:40.013+06:00 DEBUG 29548 --- [service_registry] [nio-8761-exec-5] c.n.eureka.registry.ResponseCacheImpl    : Invalidating the response cache key : Application ALL_APPS V2 JSON, compact
2025-08-07T14:38:40.014+06:00 DEBUG 29548 --- [service_registry] [nio-8761-exec-5] c.n.eureka.registry.ResponseCacheImpl    : Invalidating the response cache key : Application ALL_APPS_DELTA V2 JSON, full
2025-08-07T14:38:40.014+06:00 DEBUG 29548 --- [service_registry] [nio-8761-exec-5] c.n.eureka.registry.ResponseCacheImpl    : Invalidating the response cache key : Application ALL_APPS_DELTA V2 JSON, compact
2025-08-07T14:38:40.014+06:00 DEBUG 29548 --- [service_registry] [nio-8761-exec-5] c.n.eureka.registry.ResponseCacheImpl    : Invalidating the response cache key : VIP notification-service V2 JSON, full
2025-08-07T14:38:40.014+06:00 DEBUG 29548 --- [service_registry] [nio-8761-exec-5] c.n.eureka.registry.ResponseCacheImpl    : Invalidating the response cache key : SVIP notification-service V2 JSON, full
2025-08-07T14:38:40.014+06:00 DEBUG 29548 --- [service_registry] [nio-8761-exec-5] c.n.eureka.registry.ResponseCacheImpl    : Invalidating the response cache key : Application NOTIFICATION-SERVICE V1 XML, full
2025-08-07T14:38:40.014+06:00 DEBUG 29548 --- [service_registry] [nio-8761-exec-5] c.n.eureka.registry.ResponseCacheImpl    : Invalidating the response cache key : Application NOTIFICATION-SERVICE V1 XML, compact
2025-08-07T14:38:40.015+06:00 DEBUG 29548 --- [service_registry] [nio-8761-exec-5] c.n.eureka.registry.ResponseCacheImpl    : Invalidating the response cache key : Application ALL_APPS V1 XML, full
2025-08-07T14:38:40.027+06:00 DEBUG 29548 --- [service_registry] [nio-8761-exec-5] c.n.eureka.registry.ResponseCacheImpl    : Invalidating the response cache key : Application ALL_APPS V1 XML, compact
2025-08-07T14:38:40.030+06:00 DEBUG 29548 --- [service_registry] [nio-8761-exec-5] c.n.eureka.registry.ResponseCacheImpl    : Invalidating the response cache key : Application ALL_APPS_DELTA V1 XML, full
2025-08-07T14:38:40.031+06:00 DEBUG 29548 --- [service_registry] [nio-8761-exec-5] c.n.eureka.registry.ResponseCacheImpl    : Invalidating the response cache key : Application ALL_APPS_DELTA V1 XML, compact
2025-08-07T14:38:40.031+06:00 DEBUG 29548 --- [service_registry] [nio-8761-exec-5] c.n.eureka.registry.ResponseCacheImpl    : Invalidating the response cache key : VIP notification-service V1 XML, full
2025-08-07T14:38:40.031+06:00 DEBUG 29548 --- [service_registry] [nio-8761-exec-5] c.n.eureka.registry.ResponseCacheImpl    : Invalidating the response cache key : SVIP notification-service V1 XML, full
2025-08-07T14:38:40.031+06:00 DEBUG 29548 --- [service_registry] [nio-8761-exec-5] c.n.eureka.registry.ResponseCacheImpl    : Invalidating the response cache key : Application NOTIFICATION-SERVICE V2 XML, full
2025-08-07T14:38:40.031+06:00 DEBUG 29548 --- [service_registry] [nio-8761-exec-5] c.n.eureka.registry.ResponseCacheImpl    : Invalidating the response cache key : Application NOTIFICATION-SERVICE V2 XML, compact
2025-08-07T14:38:40.031+06:00 DEBUG 29548 --- [service_registry] [nio-8761-exec-5] c.n.eureka.registry.ResponseCacheImpl    : Invalidating the response cache key : Application ALL_APPS V2 XML, full
2025-08-07T14:38:40.032+06:00 DEBUG 29548 --- [service_registry] [nio-8761-exec-5] c.n.eureka.registry.ResponseCacheImpl    : Invalidating the response cache key : Application ALL_APPS V2 XML, compact
2025-08-07T14:38:40.032+06:00 DEBUG 29548 --- [service_registry] [nio-8761-exec-5] c.n.eureka.registry.ResponseCacheImpl    : Invalidating the response cache key : Application ALL_APPS_DELTA V2 XML, full
2025-08-07T14:38:40.033+06:00 DEBUG 29548 --- [service_registry] [nio-8761-exec-5] c.n.eureka.registry.ResponseCacheImpl    : Invalidating the response cache key : Application ALL_APPS_DELTA V2 XML, compact
2025-08-07T14:38:40.034+06:00 DEBUG 29548 --- [service_registry] [nio-8761-exec-5] c.n.eureka.registry.ResponseCacheImpl    : Invalidating the response cache key : VIP notification-service V2 XML, full
2025-08-07T14:38:40.035+06:00 DEBUG 29548 --- [service_registry] [nio-8761-exec-5] c.n.eureka.registry.ResponseCacheImpl    : Invalidating the response cache key : SVIP notification-service V2 XML, full
2025-08-07T14:38:40.035+06:00  INFO 29548 --- [service_registry] [nio-8761-exec-5] c.n.e.registry.AbstractInstanceRegistry  : Registered instance NOTIFICATION-SERVICE/Legion-of-Tias:notification-service:8082 with status UP (replication=false)
2025-08-07T14:38:40.036+06:00 DEBUG 29548 --- [service_registry] [nio-8761-exec-5] o.s.c.n.eureka.server.InstanceRegistry   : registered NOTIFICATION-SERVICE, vip notification-service, leaseDuration 90, isReplication false
2025-08-07T14:38:41.181+06:00 DEBUG 29548 --- [service_registry] [nio-8761-exec-7] c.n.e.resources.ApplicationResource      : Registering instance Legion-of-Tias:notification-service:8082 (replication=null)
2025-08-07T14:38:41.182+06:00 DEBUG 29548 --- [service_registry] [nio-8761-exec-7] c.n.e.registry.AbstractInstanceRegistry  : Existing lease found (existing=1754555919979, provided=1754555921149
2025-08-07T14:38:41.183+06:00 DEBUG 29548 --- [service_registry] [nio-8761-exec-7] c.n.e.registry.AbstractInstanceRegistry  : Processing override status using rule: [com.netflix.eureka.registry.rule.DownOrStartingRule, com.netflix.eureka.registry.rule.OverrideExistsRule, com.netflix.eureka.registry.rule.LeaseExistsRule, com.netflix.eureka.registry.rule.AlwaysMatchInstanceStatusRule]
2025-08-07T14:38:41.183+06:00 DEBUG 29548 --- [service_registry] [nio-8761-exec-7] c.n.e.registry.rule.DownOrStartingRule   : Trusting the instance status DOWN from replica or instance for instance Legion-of-Tias:notification-service:8082
2025-08-07T14:38:41.183+06:00 DEBUG 29548 --- [service_registry] [nio-8761-exec-7] c.n.eureka.registry.ResponseCacheImpl    : Invalidating the response cache key : Application NOTIFICATION-SERVICE V1 JSON, full
2025-08-07T14:38:41.191+06:00 DEBUG 29548 --- [service_registry] [nio-8761-exec-7] c.n.eureka.registry.ResponseCacheImpl    : Invalidating the response cache key : Application NOTIFICATION-SERVICE V1 JSON, compact
2025-08-07T14:38:41.192+06:00 DEBUG 29548 --- [service_registry] [nio-8761-exec-7] c.n.eureka.registry.ResponseCacheImpl    : Invalidating the response cache key : Application ALL_APPS V1 JSON, full
2025-08-07T14:38:41.197+06:00 DEBUG 29548 --- [service_registry] [nio-8761-exec-7] c.n.eureka.registry.ResponseCacheImpl    : Invalidating the response cache key : Application ALL_APPS V1 JSON, compact
2025-08-07T14:38:41.197+06:00 DEBUG 29548 --- [service_registry] [nio-8761-exec-7] c.n.eureka.registry.ResponseCacheImpl    : Invalidating the response cache key : Application ALL_APPS_DELTA V1 JSON, full
2025-08-07T14:38:41.202+06:00 DEBUG 29548 --- [service_registry] [nio-8761-exec-7] c.n.eureka.registry.ResponseCacheImpl    : Invalidating the response cache key : Application ALL_APPS_DELTA V1 JSON, compact
2025-08-07T14:38:41.203+06:00 DEBUG 29548 --- [service_registry] [nio-8761-exec-7] c.n.eureka.registry.ResponseCacheImpl    : Invalidating the response cache key : VIP notification-service V1 JSON, full
2025-08-07T14:38:41.205+06:00 DEBUG 29548 --- [service_registry] [nio-8761-exec-7] c.n.eureka.registry.ResponseCacheImpl    : Invalidating the response cache key : SVIP notification-service V1 JSON, full
2025-08-07T14:38:41.208+06:00 DEBUG 29548 --- [service_registry] [nio-8761-exec-7] c.n.eureka.registry.ResponseCacheImpl    : Invalidating the response cache key : Application NOTIFICATION-SERVICE V2 JSON, full
2025-08-07T14:38:41.209+06:00 DEBUG 29548 --- [service_registry] [nio-8761-exec-7] c.n.eureka.registry.ResponseCacheImpl    : Invalidating the response cache key : Application NOTIFICATION-SERVICE V2 JSON, compact
2025-08-07T14:38:41.209+06:00 DEBUG 29548 --- [service_registry] [nio-8761-exec-7] c.n.eureka.registry.ResponseCacheImpl    : Invalidating the response cache key : Application ALL_APPS V2 JSON, full
2025-08-07T14:38:41.211+06:00 DEBUG 29548 --- [service_registry] [nio-8761-exec-7] c.n.eureka.registry.ResponseCacheImpl    : Invalidating the response cache key : Application ALL_APPS V2 JSON, compact
2025-08-07T14:38:41.211+06:00 DEBUG 29548 --- [service_registry] [nio-8761-exec-7] c.n.eureka.registry.ResponseCacheImpl    : Invalidating the response cache key : Application ALL_APPS_DELTA V2 JSON, full
2025-08-07T14:38:41.212+06:00 DEBUG 29548 --- [service_registry] [nio-8761-exec-7] c.n.eureka.registry.ResponseCacheImpl    : Invalidating the response cache key : Application ALL_APPS_DELTA V2 JSON, compact
2025-08-07T14:38:41.213+06:00 DEBUG 29548 --- [service_registry] [nio-8761-exec-7] c.n.eureka.registry.ResponseCacheImpl    : Invalidating the response cache key : VIP notification-service V2 JSON, full
2025-08-07T14:38:41.213+06:00 DEBUG 29548 --- [service_registry] [nio-8761-exec-7] c.n.eureka.registry.ResponseCacheImpl    : Invalidating the response cache key : SVIP notification-service V2 JSON, full
2025-08-07T14:38:41.215+06:00 DEBUG 29548 --- [service_registry] [nio-8761-exec-7] c.n.eureka.registry.ResponseCacheImpl    : Invalidating the response cache key : Application NOTIFICATION-SERVICE V1 XML, full
2025-08-07T14:38:41.216+06:00 DEBUG 29548 --- [service_registry] [nio-8761-exec-7] c.n.eureka.registry.ResponseCacheImpl    : Invalidating the response cache key : Application NOTIFICATION-SERVICE V1 XML, compact
2025-08-07T14:38:41.218+06:00 DEBUG 29548 --- [service_registry] [nio-8761-exec-7] c.n.eureka.registry.ResponseCacheImpl    : Invalidating the response cache key : Application ALL_APPS V1 XML, full
2025-08-07T14:38:41.218+06:00 DEBUG 29548 --- [service_registry] [nio-8761-exec-7] c.n.eureka.registry.ResponseCacheImpl    : Invalidating the response cache key : Application ALL_APPS V1 XML, compact
2025-08-07T14:38:41.218+06:00 DEBUG 29548 --- [service_registry] [nio-8761-exec-7] c.n.eureka.registry.ResponseCacheImpl    : Invalidating the response cache key : Application ALL_APPS_DELTA V1 XML, full
2025-08-07T14:38:41.219+06:00 DEBUG 29548 --- [service_registry] [nio-8761-exec-7] c.n.eureka.registry.ResponseCacheImpl    : Invalidating the response cache key : Application ALL_APPS_DELTA V1 XML, compact
2025-08-07T14:38:41.219+06:00 DEBUG 29548 --- [service_registry] [nio-8761-exec-7] c.n.eureka.registry.ResponseCacheImpl    : Invalidating the response cache key : VIP notification-service V1 XML, full
2025-08-07T14:38:41.221+06:00 DEBUG 29548 --- [service_registry] [nio-8761-exec-7] c.n.eureka.registry.ResponseCacheImpl    : Invalidating the response cache key : SVIP notification-service V1 XML, full
2025-08-07T14:38:41.221+06:00 DEBUG 29548 --- [service_registry] [nio-8761-exec-7] c.n.eureka.registry.ResponseCacheImpl    : Invalidating the response cache key : Application NOTIFICATION-SERVICE V2 XML, full
2025-08-07T14:38:41.221+06:00 DEBUG 29548 --- [service_registry] [nio-8761-exec-7] c.n.eureka.registry.ResponseCacheImpl    : Invalidating the response cache key : Application NOTIFICATION-SERVICE V2 XML, compact
2025-08-07T14:38:41.221+06:00 DEBUG 29548 --- [service_registry] [nio-8761-exec-7] c.n.eureka.registry.ResponseCacheImpl    : Invalidating the response cache key : Application ALL_APPS V2 XML, full
2025-08-07T14:38:41.221+06:00 DEBUG 29548 --- [service_registry] [nio-8761-exec-7] c.n.eureka.registry.ResponseCacheImpl    : Invalidating the response cache key : Application ALL_APPS V2 XML, compact
2025-08-07T14:38:41.222+06:00 DEBUG 29548 --- [service_registry] [nio-8761-exec-7] c.n.eureka.registry.ResponseCacheImpl    : Invalidating the response cache key : Application ALL_APPS_DELTA V2 XML, full
2025-08-07T14:38:41.224+06:00 DEBUG 29548 --- [service_registry] [nio-8761-exec-7] c.n.eureka.registry.ResponseCacheImpl    : Invalidating the response cache key : Application ALL_APPS_DELTA V2 XML, compact
2025-08-07T14:38:41.224+06:00 DEBUG 29548 --- [service_registry] [nio-8761-exec-7] c.n.eureka.registry.ResponseCacheImpl    : Invalidating the response cache key : VIP notification-service V2 XML, full
2025-08-07T14:38:41.224+06:00 DEBUG 29548 --- [service_registry] [nio-8761-exec-7] c.n.eureka.registry.ResponseCacheImpl    : Invalidating the response cache key : SVIP notification-service V2 XML, full
2025-08-07T14:38:41.224+06:00  INFO 29548 --- [service_registry] [nio-8761-exec-7] c.n.e.registry.AbstractInstanceRegistry  : Registered instance NOTIFICATION-SERVICE/Legion-of-Tias:notification-service:8082 with status DOWN (replication=false)
2025-08-07T14:38:41.225+06:00 DEBUG 29548 --- [service_registry] [nio-8761-exec-7] o.s.c.n.eureka.server.InstanceRegistry   : registered NOTIFICATION-SERVICE, vip notification-service, leaseDuration 90, isReplication false
2025-08-07T14:38:45.338+06:00 DEBUG 29548 --- [service_registry] [nio-8761-exec-4] c.n.eureka.registry.ResponseCacheImpl    : Invalidating the response cache key : Application NOTIFICATION-SERVICE V1 JSON, full
2025-08-07T14:38:45.339+06:00 DEBUG 29548 --- [service_registry] [nio-8761-exec-4] c.n.eureka.registry.ResponseCacheImpl    : Invalidating the response cache key : Application NOTIFICATION-SERVICE V1 JSON, compact
2025-08-07T14:38:45.339+06:00 DEBUG 29548 --- [service_registry] [nio-8761-exec-4] c.n.eureka.registry.ResponseCacheImpl    : Invalidating the response cache key : Application ALL_APPS V1 JSON, full
2025-08-07T14:38:45.339+06:00 DEBUG 29548 --- [service_registry] [nio-8761-exec-4] c.n.eureka.registry.ResponseCacheImpl    : Invalidating the response cache key : Application ALL_APPS V1 JSON, compact
2025-08-07T14:38:45.339+06:00 DEBUG 29548 --- [service_registry] [nio-8761-exec-4] c.n.eureka.registry.ResponseCacheImpl    : Invalidating the response cache key : Application ALL_APPS_DELTA V1 JSON, full
2025-08-07T14:38:45.339+06:00 DEBUG 29548 --- [service_registry] [nio-8761-exec-4] c.n.eureka.registry.ResponseCacheImpl    : Invalidating the response cache key : Application ALL_APPS_DELTA V1 JSON, compact
2025-08-07T14:38:45.339+06:00 DEBUG 29548 --- [service_registry] [nio-8761-exec-4] c.n.eureka.registry.ResponseCacheImpl    : Invalidating the response cache key : VIP notification-service V1 JSON, full
2025-08-07T14:38:45.339+06:00 DEBUG 29548 --- [service_registry] [nio-8761-exec-4] c.n.eureka.registry.ResponseCacheImpl    : Invalidating the response cache key : SVIP notification-service V1 JSON, full
2025-08-07T14:38:45.339+06:00 DEBUG 29548 --- [service_registry] [nio-8761-exec-4] c.n.eureka.registry.ResponseCacheImpl    : Invalidating the response cache key : Application NOTIFICATION-SERVICE V2 JSON, full
2025-08-07T14:38:45.339+06:00 DEBUG 29548 --- [service_registry] [nio-8761-exec-4] c.n.eureka.registry.ResponseCacheImpl    : Invalidating the response cache key : Application NOTIFICATION-SERVICE V2 JSON, compact
2025-08-07T14:38:45.340+06:00 DEBUG 29548 --- [service_registry] [nio-8761-exec-4] c.n.eureka.registry.ResponseCacheImpl    : Invalidating the response cache key : Application ALL_APPS V2 JSON, full
2025-08-07T14:38:45.340+06:00 DEBUG 29548 --- [service_registry] [nio-8761-exec-4] c.n.eureka.registry.ResponseCacheImpl    : Invalidating the response cache key : Application ALL_APPS V2 JSON, compact
2025-08-07T14:38:45.340+06:00 DEBUG 29548 --- [service_registry] [nio-8761-exec-4] c.n.eureka.registry.ResponseCacheImpl    : Invalidating the response cache key : Application ALL_APPS_DELTA V2 JSON, full
2025-08-07T14:38:45.340+06:00 DEBUG 29548 --- [service_registry] [nio-8761-exec-4] c.n.eureka.registry.ResponseCacheImpl    : Invalidating the response cache key : Application ALL_APPS_DELTA V2 JSON, compact
2025-08-07T14:38:45.340+06:00 DEBUG 29548 --- [service_registry] [nio-8761-exec-4] c.n.eureka.registry.ResponseCacheImpl    : Invalidating the response cache key : VIP notification-service V2 JSON, full
2025-08-07T14:38:45.340+06:00 DEBUG 29548 --- [service_registry] [nio-8761-exec-4] c.n.eureka.registry.ResponseCacheImpl    : Invalidating the response cache key : SVIP notification-service V2 JSON, full
2025-08-07T14:38:45.340+06:00 DEBUG 29548 --- [service_registry] [nio-8761-exec-4] c.n.eureka.registry.ResponseCacheImpl    : Invalidating the response cache key : Application NOTIFICATION-SERVICE V1 XML, full
2025-08-07T14:38:45.340+06:00 DEBUG 29548 --- [service_registry] [nio-8761-exec-4] c.n.eureka.registry.ResponseCacheImpl    : Invalidating the response cache key : Application NOTIFICATION-SERVICE V1 XML, compact
2025-08-07T14:38:45.340+06:00 DEBUG 29548 --- [service_registry] [nio-8761-exec-4] c.n.eureka.registry.ResponseCacheImpl    : Invalidating the response cache key : Application ALL_APPS V1 XML, full
2025-08-07T14:38:45.340+06:00 DEBUG 29548 --- [service_registry] [nio-8761-exec-4] c.n.eureka.registry.ResponseCacheImpl    : Invalidating the response cache key : Application ALL_APPS V1 XML, compact
2025-08-07T14:38:45.340+06:00 DEBUG 29548 --- [service_registry] [nio-8761-exec-4] c.n.eureka.registry.ResponseCacheImpl    : Invalidating the response cache key : Application ALL_APPS_DELTA V1 XML, full
2025-08-07T14:38:45.340+06:00 DEBUG 29548 --- [service_registry] [nio-8761-exec-4] c.n.eureka.registry.ResponseCacheImpl    : Invalidating the response cache key : Application ALL_APPS_DELTA V1 XML, compact
2025-08-07T14:38:45.341+06:00 DEBUG 29548 --- [service_registry] [nio-8761-exec-4] c.n.eureka.registry.ResponseCacheImpl    : Invalidating the response cache key : VIP notification-service V1 XML, full
2025-08-07T14:38:45.341+06:00 DEBUG 29548 --- [service_registry] [nio-8761-exec-4] c.n.eureka.registry.ResponseCacheImpl    : Invalidating the response cache key : SVIP notification-service V1 XML, full
2025-08-07T14:38:45.341+06:00 DEBUG 29548 --- [service_registry] [nio-8761-exec-4] c.n.eureka.registry.ResponseCacheImpl    : Invalidating the response cache key : Application NOTIFICATION-SERVICE V2 XML, full
2025-08-07T14:38:45.341+06:00 DEBUG 29548 --- [service_registry] [nio-8761-exec-4] c.n.eureka.registry.ResponseCacheImpl    : Invalidating the response cache key : Application NOTIFICATION-SERVICE V2 XML, compact
2025-08-07T14:38:45.341+06:00 DEBUG 29548 --- [service_registry] [nio-8761-exec-4] c.n.eureka.registry.ResponseCacheImpl    : Invalidating the response cache key : Application ALL_APPS V2 XML, full
2025-08-07T14:38:45.341+06:00 DEBUG 29548 --- [service_registry] [nio-8761-exec-4] c.n.eureka.registry.ResponseCacheImpl    : Invalidating the response cache key : Application ALL_APPS V2 XML, compact
2025-08-07T14:38:45.341+06:00 DEBUG 29548 --- [service_registry] [nio-8761-exec-4] c.n.eureka.registry.ResponseCacheImpl    : Invalidating the response cache key : Application ALL_APPS_DELTA V2 XML, full
2025-08-07T14:38:45.341+06:00 DEBUG 29548 --- [service_registry] [nio-8761-exec-4] c.n.eureka.registry.ResponseCacheImpl    : Invalidating the response cache key : Application ALL_APPS_DELTA V2 XML, compact
2025-08-07T14:38:45.341+06:00 DEBUG 29548 --- [service_registry] [nio-8761-exec-4] c.n.eureka.registry.ResponseCacheImpl    : Invalidating the response cache key : VIP notification-service V2 XML, full
2025-08-07T14:38:45.341+06:00 DEBUG 29548 --- [service_registry] [nio-8761-exec-4] c.n.eureka.registry.ResponseCacheImpl    : Invalidating the response cache key : SVIP notification-service V2 XML, full
2025-08-07T14:38:45.341+06:00  INFO 29548 --- [service_registry] [nio-8761-exec-4] c.n.e.registry.AbstractInstanceRegistry  : Cancelled instance NOTIFICATION-SERVICE/Legion-of-Tias:notification-service:8082 (replication=false)
2025-08-07T14:38:45.342+06:00 DEBUG 29548 --- [service_registry] [nio-8761-exec-4] o.s.c.n.eureka.server.InstanceRegistry   : cancelled NOTIFICATION-SERVICE, serverId Legion-of-Tias:notification-service:8082, isReplication false
2025-08-07T14:38:45.342+06:00 DEBUG 29548 --- [service_registry] [nio-8761-exec-4] o.s.c.n.eureka.server.InstanceRegistry   : cancelled NOTIFICATION-SERVICE, serverId Legion-of-Tias:notification-service:8082, isReplication false
2025-08-07T14:38:45.342+06:00 DEBUG 29548 --- [service_registry] [nio-8761-exec-4] c.n.eureka.resources.InstanceResource    : Found (Cancel): NOTIFICATION-SERVICE - Legion-of-Tias:notification-service:8082
2025-08-07T14:38:48.636+06:00  INFO 29548 --- [service_registry] [a-EvictionTimer] c.n.e.registry.AbstractInstanceRegistry  : Running the evict task with compensationTime 0ms
2025-08-07T14:38:48.636+06:00 DEBUG 29548 --- [service_registry] [a-EvictionTimer] c.n.e.registry.AbstractInstanceRegistry  : Running the evict task
2025-08-07T14:38:48.905+06:00 DEBUG 29548 --- [service_registry] [nio-8761-exec-1] c.n.e.resources.ApplicationResource      : Registering instance Legion-of-Tias:notification-service:8082 (replication=null)
2025-08-07T14:38:48.905+06:00 DEBUG 29548 --- [service_registry] [nio-8761-exec-1] c.n.e.registry.AbstractInstanceRegistry  : No previous lease information found; it is new registration
2025-08-07T14:38:48.906+06:00 DEBUG 29548 --- [service_registry] [nio-8761-exec-1] c.n.e.registry.AbstractInstanceRegistry  : Processing override status using rule: [com.netflix.eureka.registry.rule.DownOrStartingRule, com.netflix.eureka.registry.rule.OverrideExistsRule, com.netflix.eureka.registry.rule.LeaseExistsRule, com.netflix.eureka.registry.rule.AlwaysMatchInstanceStatusRule]
2025-08-07T14:38:48.906+06:00 DEBUG 29548 --- [service_registry] [nio-8761-exec-1] c.n.e.r.r.AlwaysMatchInstanceStatusRule  : Returning the default instance status UP for instance Legion-of-Tias:notification-service:8082
2025-08-07T14:38:48.906+06:00 DEBUG 29548 --- [service_registry] [nio-8761-exec-1] c.n.eureka.registry.ResponseCacheImpl    : Invalidating the response cache key : Application NOTIFICATION-SERVICE V1 JSON, full
2025-08-07T14:38:48.906+06:00 DEBUG 29548 --- [service_registry] [nio-8761-exec-1] c.n.eureka.registry.ResponseCacheImpl    : Invalidating the response cache key : Application NOTIFICATION-SERVICE V1 JSON, compact
2025-08-07T14:38:48.906+06:00 DEBUG 29548 --- [service_registry] [nio-8761-exec-1] c.n.eureka.registry.ResponseCacheImpl    : Invalidating the response cache key : Application ALL_APPS V1 JSON, full
2025-08-07T14:38:48.906+06:00 DEBUG 29548 --- [service_registry] [nio-8761-exec-1] c.n.eureka.registry.ResponseCacheImpl    : Invalidating the response cache key : Application ALL_APPS V1 JSON, compact
2025-08-07T14:38:48.906+06:00 DEBUG 29548 --- [service_registry] [nio-8761-exec-1] c.n.eureka.registry.ResponseCacheImpl    : Invalidating the response cache key : Application ALL_APPS_DELTA V1 JSON, full
2025-08-07T14:38:48.906+06:00 DEBUG 29548 --- [service_registry] [nio-8761-exec-1] c.n.eureka.registry.ResponseCacheImpl    : Invalidating the response cache key : Application ALL_APPS_DELTA V1 JSON, compact
2025-08-07T14:38:48.906+06:00 DEBUG 29548 --- [service_registry] [nio-8761-exec-1] c.n.eureka.registry.ResponseCacheImpl    : Invalidating the response cache key : VIP notification-service V1 JSON, full
2025-08-07T14:38:48.906+06:00 DEBUG 29548 --- [service_registry] [nio-8761-exec-1] c.n.eureka.registry.ResponseCacheImpl    : Invalidating the response cache key : SVIP notification-service V1 JSON, full
2025-08-07T14:38:48.906+06:00 DEBUG 29548 --- [service_registry] [nio-8761-exec-1] c.n.eureka.registry.ResponseCacheImpl    : Invalidating the response cache key : Application NOTIFICATION-SERVICE V2 JSON, full
2025-08-07T14:38:48.906+06:00 DEBUG 29548 --- [service_registry] [nio-8761-exec-1] c.n.eureka.registry.ResponseCacheImpl    : Invalidating the response cache key : Application NOTIFICATION-SERVICE V2 JSON, compact
2025-08-07T14:38:48.906+06:00 DEBUG 29548 --- [service_registry] [nio-8761-exec-1] c.n.eureka.registry.ResponseCacheImpl    : Invalidating the response cache key : Application ALL_APPS V2 JSON, full
2025-08-07T14:38:48.906+06:00 DEBUG 29548 --- [service_registry] [nio-8761-exec-1] c.n.eureka.registry.ResponseCacheImpl    : Invalidating the response cache key : Application ALL_APPS V2 JSON, compact
2025-08-07T14:38:48.906+06:00 DEBUG 29548 --- [service_registry] [nio-8761-exec-1] c.n.eureka.registry.ResponseCacheImpl    : Invalidating the response cache key : Application ALL_APPS_DELTA V2 JSON, full
2025-08-07T14:38:48.906+06:00 DEBUG 29548 --- [service_registry] [nio-8761-exec-1] c.n.eureka.registry.ResponseCacheImpl    : Invalidating the response cache key : Application ALL_APPS_DELTA V2 JSON, compact
2025-08-07T14:38:48.906+06:00 DEBUG 29548 --- [service_registry] [nio-8761-exec-1] c.n.eureka.registry.ResponseCacheImpl    : Invalidating the response cache key : VIP notification-service V2 JSON, full
2025-08-07T14:38:48.906+06:00 DEBUG 29548 --- [service_registry] [nio-8761-exec-1] c.n.eureka.registry.ResponseCacheImpl    : Invalidating the response cache key : SVIP notification-service V2 JSON, full
2025-08-07T14:38:48.906+06:00 DEBUG 29548 --- [service_registry] [nio-8761-exec-1] c.n.eureka.registry.ResponseCacheImpl    : Invalidating the response cache key : Application NOTIFICATION-SERVICE V1 XML, full
2025-08-07T14:38:48.906+06:00 DEBUG 29548 --- [service_registry] [nio-8761-exec-1] c.n.eureka.registry.ResponseCacheImpl    : Invalidating the response cache key : Application NOTIFICATION-SERVICE V1 XML, compact
2025-08-07T14:38:48.906+06:00 DEBUG 29548 --- [service_registry] [nio-8761-exec-1] c.n.eureka.registry.ResponseCacheImpl    : Invalidating the response cache key : Application ALL_APPS V1 XML, full
2025-08-07T14:38:48.906+06:00 DEBUG 29548 --- [service_registry] [nio-8761-exec-1] c.n.eureka.registry.ResponseCacheImpl    : Invalidating the response cache key : Application ALL_APPS V1 XML, compact
2025-08-07T14:38:48.906+06:00 DEBUG 29548 --- [service_registry] [nio-8761-exec-1] c.n.eureka.registry.ResponseCacheImpl    : Invalidating the response cache key : Application ALL_APPS_DELTA V1 XML, full
2025-08-07T14:38:48.906+06:00 DEBUG 29548 --- [service_registry] [nio-8761-exec-1] c.n.eureka.registry.ResponseCacheImpl    : Invalidating the response cache key : Application ALL_APPS_DELTA V1 XML, compact
2025-08-07T14:38:48.906+06:00 DEBUG 29548 --- [service_registry] [nio-8761-exec-1] c.n.eureka.registry.ResponseCacheImpl    : Invalidating the response cache key : VIP notification-service V1 XML, full
2025-08-07T14:38:48.906+06:00 DEBUG 29548 --- [service_registry] [nio-8761-exec-1] c.n.eureka.registry.ResponseCacheImpl    : Invalidating the response cache key : SVIP notification-service V1 XML, full
2025-08-07T14:38:48.907+06:00 DEBUG 29548 --- [service_registry] [nio-8761-exec-1] c.n.eureka.registry.ResponseCacheImpl    : Invalidating the response cache key : Application NOTIFICATION-SERVICE V2 XML, full
2025-08-07T14:38:48.907+06:00 DEBUG 29548 --- [service_registry] [nio-8761-exec-1] c.n.eureka.registry.ResponseCacheImpl    : Invalidating the response cache key : Application NOTIFICATION-SERVICE V2 XML, compact
2025-08-07T14:38:48.907+06:00 DEBUG 29548 --- [service_registry] [nio-8761-exec-1] c.n.eureka.registry.ResponseCacheImpl    : Invalidating the response cache key : Application ALL_APPS V2 XML, full
2025-08-07T14:38:48.907+06:00 DEBUG 29548 --- [service_registry] [nio-8761-exec-1] c.n.eureka.registry.ResponseCacheImpl    : Invalidating the response cache key : Application ALL_APPS V2 XML, compact
2025-08-07T14:38:48.907+06:00 DEBUG 29548 --- [service_registry] [nio-8761-exec-1] c.n.eureka.registry.ResponseCacheImpl    : Invalidating the response cache key : Application ALL_APPS_DELTA V2 XML, full
2025-08-07T14:38:48.907+06:00 DEBUG 29548 --- [service_registry] [nio-8761-exec-1] c.n.eureka.registry.ResponseCacheImpl    : Invalidating the response cache key : Application ALL_APPS_DELTA V2 XML, compact
2025-08-07T14:38:48.907+06:00 DEBUG 29548 --- [service_registry] [nio-8761-exec-1] c.n.eureka.registry.ResponseCacheImpl    : Invalidating the response cache key : VIP notification-service V2 XML, full
2025-08-07T14:38:48.907+06:00 DEBUG 29548 --- [service_registry] [nio-8761-exec-1] c.n.eureka.registry.ResponseCacheImpl    : Invalidating the response cache key : SVIP notification-service V2 XML, full
2025-08-07T14:38:48.907+06:00  INFO 29548 --- [service_registry] [nio-8761-exec-1] c.n.e.registry.AbstractInstanceRegistry  : Registered instance NOTIFICATION-SERVICE/Legion-of-Tias:notification-service:8082 with status UP (replication=false)
2025-08-07T14:38:48.907+06:00 DEBUG 29548 --- [service_registry] [nio-8761-exec-1] o.s.c.n.eureka.server.InstanceRegistry   : registered NOTIFICATION-SERVICE, vip notification-service, leaseDuration 90, isReplication false
2025-08-07T14:39:00.046+06:00 DEBUG 29548 --- [service_registry] [-CacheFillTimer] c.n.eureka.registry.ResponseCacheImpl    : Updating the client cache from response cache
2025-08-07T14:39:00.047+06:00 DEBUG 29548 --- [service_registry] [-CacheFillTimer] c.n.eureka.registry.ResponseCacheImpl    : Updating the client cache from response cache for key : Application ALL_APPS_DELTA V2 JSON
2025-08-07T14:39:00.047+06:00 DEBUG 29548 --- [service_registry] [-CacheFillTimer] c.n.e.registry.AbstractInstanceRegistry  : The number of elements in the delta queue is : 6
2025-08-07T14:39:00.047+06:00 DEBUG 29548 --- [service_registry] [-CacheFillTimer] c.n.e.registry.AbstractInstanceRegistry  : The instance id Legion-of-Tias.mshome.net:notification-service:8082 is found with status DOWN and actiontype DELETED
2025-08-07T14:39:00.047+06:00 DEBUG 29548 --- [service_registry] [-CacheFillTimer] c.n.e.registry.AbstractInstanceRegistry  : The instance id Legion-of-Tias.mshome.net:notification-service:8082 is found with status DOWN and actiontype DELETED
2025-08-07T14:39:00.047+06:00 DEBUG 29548 --- [service_registry] [-CacheFillTimer] c.n.e.registry.AbstractInstanceRegistry  : The instance id Legion-of-Tias:notification-service:8082 is found with status UP and actiontype ADDED
2025-08-07T14:39:00.047+06:00 DEBUG 29548 --- [service_registry] [-CacheFillTimer] c.n.e.registry.AbstractInstanceRegistry  : The instance id Legion-of-Tias:notification-service:8082 is found with status DOWN and actiontype DELETED
2025-08-07T14:39:00.047+06:00 DEBUG 29548 --- [service_registry] [-CacheFillTimer] c.n.e.registry.AbstractInstanceRegistry  : The instance id Legion-of-Tias:notification-service:8082 is found with status DOWN and actiontype DELETED
2025-08-07T14:39:00.047+06:00 DEBUG 29548 --- [service_registry] [-CacheFillTimer] c.n.e.registry.AbstractInstanceRegistry  : The instance id Legion-of-Tias:notification-service:8082 is found with status UP and actiontype ADDED
2025-08-07T14:39:00.048+06:00 DEBUG 29548 --- [service_registry] [-CacheFillTimer] c.n.eureka.registry.ResponseCacheImpl    : New application cache entry {name=ALL_APPS_DELTA, type=Application, format=JSON} with apps hashcode UP_1_
2025-08-07T14:39:00.049+06:00 DEBUG 29548 --- [service_registry] [-CacheFillTimer] c.n.eureka.registry.ResponseCacheImpl    : Updating the client cache from response cache for key : Application ALL_APPS V2 JSON
2025-08-07T14:39:00.049+06:00 DEBUG 29548 --- [service_registry] [-CacheFillTimer] c.n.e.registry.AbstractInstanceRegistry  : Fetching applications registry with remote regions: false, Regions argument []
2025-08-07T14:39:00.050+06:00 DEBUG 29548 --- [service_registry] [-CacheFillTimer] c.n.eureka.registry.ResponseCacheImpl    : New application cache entry {name=ALL_APPS, type=Application, format=JSON} with apps hashcode UP_1_
